[09:21:24] [main/WARN]: Ambiguity between arguments [teleport, destination] and [teleport, targets] with inputs: [Player, 0123, @e, dd12be42-52a9-4a91-a8a1-11c01849e498]
[09:21:24] [main/WARN]: Ambiguity between arguments [teleport, location] and [teleport, destination] with inputs: [0.1 -0.5 .9, 0 0 0]
[09:21:24] [main/WARN]: Ambiguity between arguments [teleport, location] and [teleport, targets] with inputs: [0.1 -0.5 .9, 0 0 0]
[09:21:24] [main/WARN]: Ambiguity between arguments [teleport, targets] and [teleport, destination] with inputs: [Player, 0123, dd12be42-52a9-4a91-a8a1-11c01849e498]
[09:21:24] [main/WARN]: Ambiguity between arguments [teleport, targets, location] and [teleport, targets, destination] with inputs: [0.1 -0.5 .9, 0 0 0]
[09:21:24] [Server thread/INFO]: Starting minecraft server version 1.14.1
[09:21:24] [Server thread/INFO]: Loading properties
[09:21:24] [Server thread/INFO]: Default game type: SURVIVAL
[09:21:24] [Server thread/INFO]: Generating keypair
[09:21:25] [Server thread/INFO]: Starting Minecraft server on *:25565
[09:21:25] [Server thread/INFO]: Using epoll channel type
[09:21:25] [Server thread/INFO]: Preparing level "world"
[09:21:25] [Server thread/INFO]: Reloading ResourceManager: Default
[09:22:03] [Server thread/INFO]: Loaded 6 recipes
[09:22:19] [Server thread/INFO]: Loaded 811 advancements
[09:22:19] [Server thread/INFO]: Preparing start region for dimension minecraft:overworld
[09:22:21] [Server-Worker-1/INFO]: Preparing spawn area: 0%
[09:22:21] [Server-Worker-1/INFO]: Preparing spawn area: 0%
[09:22:21] [Server-Worker-1/INFO]: Preparing spawn area: 0%
[09:22:21] [Server-Worker-1/INFO]: Preparing spawn area: 0%
[09:22:21] [Server-Worker-1/INFO]: Preparing spawn area: 0%
[09:22:22] [Server-Worker-1/INFO]: Preparing spawn area: 0%
[09:22:22] [Server-Worker-1/INFO]: Preparing spawn area: 0%
[09:22:23] [Server-Worker-1/INFO]: Preparing spawn area: 0%
[09:22:23] [Server-Worker-1/INFO]: Preparing spawn area: 0%
[09:22:24] [Server-Worker-1/INFO]: Preparing spawn area: 0%
[09:22:24] [Server-Worker-1/INFO]: Preparing spawn area: 0%
[09:22:25] [Server-Worker-1/INFO]: Preparing spawn area: 0%
[09:22:26] [Server-Worker-1/INFO]: Preparing spawn area: 0%
[09:22:26] [Server-Worker-1/INFO]: Preparing spawn area: 0%
[09:22:26] [Server-Worker-1/INFO]: Preparing spawn area: 0%
[09:22:27] [Server-Worker-1/INFO]: Preparing spawn area: 0%
[09:22:27] [Server-Worker-1/INFO]: Preparing spawn area: 1%
[09:22:28] [Server-Worker-1/INFO]: Preparing spawn area: 5%
[09:22:28] [Server-Worker-1/INFO]: Preparing spawn area: 5%
[09:22:29] [Server-Worker-1/INFO]: Preparing spawn area: 10%
[09:22:29] [Server-Worker-1/INFO]: Preparing spawn area: 12%
[09:22:30] [Server-Worker-1/INFO]: Preparing spawn area: 15%
[09:22:30] [Server-Worker-1/INFO]: Preparing spawn area: 19%
[09:22:31] [Server-Worker-1/INFO]: Preparing spawn area: 27%
[09:22:31] [Server-Worker-1/INFO]: Preparing spawn area: 46%
[09:22:33] [Server-Worker-1/INFO]: Preparing spawn area: 48%
[09:22:33] [Server-Worker-1/INFO]: Preparing spawn area: 48%
[09:22:33] [Server-Worker-1/INFO]: Preparing spawn area: 55%
[09:22:33] [Server-Worker-1/INFO]: Preparing spawn area: 78%
[09:22:34] [Server-Worker-1/INFO]: Preparing spawn area: 95%
[09:22:35] [Server-Worker-1/INFO]: Preparing spawn area: 99%
[09:22:36] [Server thread/INFO]: Time elapsed: 16999 ms
[09:22:36] [Server thread/INFO]: Done (71.274s)! For help, type "help"
[09:22:39] [Server thread/WARN]: Can't keep up! Is the server overloaded? Running 2028ms or 40 ticks behind
[09:22:58] [Server thread/WARN]: Can't keep up! Is the server overloaded? Running 4128ms or 82 ticks behind
[09:27:45] [Server thread/WARN]: Can't keep up! Is the server overloaded? Running 2194ms or 43 ticks behind
[11:16:16] [User Authenticator #1/INFO]: UUID of player devilbeny is 4371e9cc-0692-4f59-920a-ef90c3dec905
[11:16:16] [Server thread/INFO]: devilbeny[/187.216.237.82:8918] logged in with entity id 624 at (-76.89662309110271, 65.0, 120.11424467913368)
[11:16:18] [Server thread/INFO]: devilbeny joined the game
[11:16:19] [Server thread/WARN]: Can't keep up! Is the server overloaded? Running 2312ms or 46 ticks behind
[11:16:43] [Server thread/INFO]: devilbeny lost connection: Disconnected
[11:16:43] [Server thread/INFO]: devilbeny left the game
[11:16:48] [Server thread/WARN]: Can't keep up! Is the server overloaded? Running 14895ms or 297 ticks behind
[11:24:49] [Server thread/INFO]: [Server] SERVER SHUTTING DOWN IN 10 SECONDS. SAVING ALL MAPS...
[11:24:59] [Server thread/INFO]: Saving the game (this may take a moment!)
[11:24:59] [Server console handler/ERROR]: Exception handling console input
java.io.IOException: Input/output error
	at java.io.FileInputStream.readBytes(Native Method) ~[?:?]
	at java.io.FileInputStream.read(FileInputStream.java:279) ~[?:?]
	at java.io.BufferedInputStream.read1(BufferedInputStream.java:290) ~[?:?]
	at java.io.BufferedInputStream.read(BufferedInputStream.java:351) ~[?:?]
	at sun.nio.cs.StreamDecoder.readBytes(StreamDecoder.java:284) ~[?:?]
	at sun.nio.cs.StreamDecoder.implRead(StreamDecoder.java:326) ~[?:?]
	at sun.nio.cs.StreamDecoder.read(StreamDecoder.java:178) ~[?:?]
	at java.io.InputStreamReader.read(InputStreamReader.java:185) ~[?:?]
	at java.io.BufferedReader.fill(BufferedReader.java:161) ~[?:?]
	at java.io.BufferedReader.readLine(BufferedReader.java:326) ~[?:?]
	at java.io.BufferedReader.readLine(BufferedReader.java:392) ~[?:?]
	at ug$2.run(SourceFile:109) [server.jar:?]
[11:25:00] [Server thread/INFO]: Saved the game
[11:25:00] [Server thread/INFO]: Stopping the server
[11:25:00] [Server thread/INFO]: Stopping server
[11:25:00] [Server thread/INFO]: Saving players
[11:25:00] [Server thread/INFO]: Saving worlds
[11:25:00] [Server thread/INFO]: Saving chunks for level 'world'/minecraft:the_end
[11:25:00] [Server thread/INFO]: ThreadedAnvilChunkStorage (DIM1): All chunks are saved
[11:25:00] [Server thread/INFO]: Saving chunks for level 'world'/minecraft:overworld
[11:25:00] [Server thread/INFO]: ThreadedAnvilChunkStorage (world): All chunks are saved
[11:25:00] [Server thread/INFO]: Saving chunks for level 'world'/minecraft:the_nether
[11:25:00] [Server thread/INFO]: ThreadedAnvilChunkStorage (DIM-1): All chunks are saved
[11:25:00] [Server thread/INFO]: ThreadedAnvilChunkStorage (DIM1): All chunks are saved
[11:25:00] [Server thread/INFO]: ThreadedAnvilChunkStorage (world): All chunks are saved
[11:25:00] [Server thread/INFO]: ThreadedAnvilChunkStorage (DIM-1): All chunks are saved
